<?xml version="1.0" encoding="UTF-8"?>
<!-- Generated by org.testng.reporters.JUnitReportReporter -->
<testsuite skipped="0" hostname="DESKTOP-ICKQOFK" name="quickstart.MavenJava.AppiumTest" tests="2" failures="0" timestamp="20 Jul 2020 11:23:10 GMT" time="0.032" errors="0">
  <testcase name="NativeAPpAndroid" time="0.016" classname="quickstart.MavenJava.AppiumTest"/>
  <testcase name="IOSApps" time="0.016" classname="quickstart.MavenJava.AppiumTest"/>
</testsuite> <!-- quickstart.MavenJava.AppiumTest -->
