<?xml version="1.0" encoding="UTF-8"?>
<!-- Generated by org.testng.reporters.JUnitReportReporter -->
<testsuite skipped="0" hostname="DESKTOP-ICKQOFK" name="quickstart.MavenJava.SeleniumTest" tests="2" failures="0" timestamp="20 Jul 2020 11:23:10 GMT" time="0.031" errors="0">
  <testcase name="BrowserAUtomation" time="0.031" classname="quickstart.MavenJava.SeleniumTest"/>
  <testcase name="elementsUi" time="0.000" classname="quickstart.MavenJava.SeleniumTest"/>
</testsuite> <!-- quickstart.MavenJava.SeleniumTest -->
