<?xml version="1.0" encoding="UTF-8"?>
<!-- Generated by org.testng.reporters.JUnitReportReporter -->
<testsuite skipped="0" hostname="DESKTOP-ICKQOFK" name="quickstart.MavenJava.RESTAPITest" tests="2" failures="0" timestamp="20 Jul 2020 11:23:10 GMT" time="0.016" errors="0">
  <testcase name="postJira" time="0.016" classname="quickstart.MavenJava.RESTAPITest"/>
  <testcase name="deleteTwitter" time="0.000" classname="quickstart.MavenJava.RESTAPITest"/>
</testsuite> <!-- quickstart.MavenJava.RESTAPITest -->
