<?xml version="1.0" encoding="UTF-8"?>
<!-- Generated by org.testng.reporters.JUnitReportReporter -->
<testsuite skipped="0" hostname="DESKTOP-ICKQOFK" name="TestNG" tests="1" failures="0" timestamp="15 Jul 2020 09:49:13 GMT" time="36.339" errors="0">
  <testcase name="f" time="36.339" classname="TestNG"/>
</testsuite> <!-- TestNG -->
