<?xml version="1.0" encoding="UTF-8"?>
<!-- Generated by org.testng.reporters.JUnitReportReporter -->
<testsuite skipped="0" hostname="DESKTOP-ICKQOFK" name="myFirstProject.NewTest" tests="3" failures="0" timestamp="17 Jul 2020 04:48:26 GMT" time="8.440" errors="0">
  <testcase name="register" time="3.448" classname="myFirstProject.NewTest"/>
  <testcase name="f" time="1.829" classname="myFirstProject.NewTest"/>
  <testcase name="support" time="3.163" classname="myFirstProject.NewTest"/>
</testsuite> <!-- myFirstProject.NewTest -->
