<?xml version="1.0" encoding="UTF-8"?>
<!-- Generated by org.testng.reporters.JUnitReportReporter -->
<testsuite skipped="0" hostname="DESKTOP-ICKQOFK" name="test.day4" tests="3" failures="0" timestamp="17 Jul 2020 09:10:57 GMT" time="0.023" errors="0">
  <testcase name="LoginAPIHomeLoan" time="0.017" classname="test.day4"/>
  <testcase name="WebloginHomeLoan" time="0.001" classname="test.day4"/>
  <testcase name="MobileLoginHomeLoan" time="0.005" classname="test.day4"/>
</testsuite> <!-- test.day4 -->
