<?xml version="1.0" encoding="UTF-8"?>
<!-- Generated by org.testng.reporters.JUnitReportReporter -->
<testsuite skipped="0" hostname="DESKTOP-ICKQOFK" name="test.day1" tests="1" failures="0" timestamp="17 Jul 2020 09:10:57 GMT" time="0.021" errors="0">
  <testcase name="Demo" time="0.021" classname="test.day1"/>
</testsuite> <!-- test.day1 -->
