<?xml version="1.0" encoding="UTF-8"?>
<!-- Generated by org.testng.reporters.JUnitReportReporter -->
<testsuite skipped="1" hostname="DESKTOP-ICKQOFK" name="test.day3" tests="6" failures="0" timestamp="17 Jul 2020 09:10:57 GMT" time="0.066" errors="0">
  <testcase name="MobileLogincarLoan" time="0.019" classname="test.day3"/>
  <testcase name="WebloginCarLoan" time="0.005" classname="test.day3"/>
  <testcase name="MobilesignoutcarLoan" time="0.009" classname="test.day3"/>
  <testcase name="MobilesignoutcarLoan" time="0.028" classname="test.day3"/>
  <testcase name="MobilesignoutcarLoan" time="0.005" classname="test.day3"/>
  <testcase name="MobilesignimcarLoan" classname="test.day3">
    <skipped/>
  </testcase> <!-- MobilesignimcarLoan -->
</testsuite> <!-- test.day3 -->
