<?xml version="1.0" encoding="UTF-8"?>
<!-- Generated by org.testng.reporters.JUnitReportReporter -->
<testsuite skipped="0" hostname="DESKTOP-ICKQOFK" name="TestGuru99MultipleSession" tests="3" failures="0" timestamp="17 Jul 2020 05:14:44 GMT" time="72.499" errors="0">
  <testcase name="executSessionThree" time="23.971" classname="TestGuru99MultipleSession"/>
  <testcase name="executeSessionTwo" time="24.294" classname="TestGuru99MultipleSession"/>
  <testcase name="executSessionOne" time="24.234" classname="TestGuru99MultipleSession"/>
</testsuite> <!-- TestGuru99MultipleSession -->
