<?xml version="1.0" encoding="UTF-8"?>
<!-- Generated by org.testng.reporters.JUnitReportReporter -->
<testsuite skipped="0" hostname="DESKTOP-ICKQOFK" name="com.makemytrip.makemytrip" tests="8" failures="0" timestamp="20 Jul 2020 07:08:12 GMT" time="37.366" errors="0">
  <testcase name="autopopup" time="1.101" classname="com.makemytrip.makemytrip"/>
  <testcase name="flightsearchfrom" time="4.324" classname="com.makemytrip.makemytrip"/>
  <testcase name="flightsearchto" time="1.917" classname="com.makemytrip.makemytrip"/>
  <testcase name="getdatepicker" time="2.614" classname="com.makemytrip.makemytrip"/>
  <testcase name="h" time="0.936" classname="com.makemytrip.makemytrip"/>
  <testcase name="search" time="4.078" classname="com.makemytrip.makemytrip"/>
  <testcase name="u" time="17.437" classname="com.makemytrip.makemytrip"/>
  <testcase name="company" time="4.959" classname="com.makemytrip.makemytrip"/>
</testsuite> <!-- com.makemytrip.makemytrip -->
