<?xml version="1.0" encoding="UTF-8"?>
<!-- Generated by org.testng.reporters.JUnitReportReporter -->
<testsuite skipped="0" hostname="DESKTOP-ICKQOFK" name="com.makemytrip.demo2" tests="1" failures="0" timestamp="18 Jul 2020 16:27:28 GMT" time="45.276" errors="0">
  <testcase name="f" time="45.276" classname="com.makemytrip.demo2"/>
</testsuite> <!-- com.makemytrip.demo2 -->
