<?xml version="1.0" encoding="UTF-8"?>
<!-- Generated by org.testng.reporters.JUnitReportReporter -->
<testsuite skipped="0" hostname="DESKTOP-ICKQOFK" name="com.makemytrip.demo" tests="1" failures="0" timestamp="18 Jul 2020 16:09:31 GMT" time="26.981" errors="0">
  <testcase name="TripDetails" time="26.981" classname="com.makemytrip.demo"/>
</testsuite> <!-- com.makemytrip.demo -->
