<?xml version="1.0" encoding="UTF-8"?>
<!-- Generated by org.testng.reporters.JUnitReportReporter -->
<testsuite skipped="0" hostname="DESKTOP-ICKQOFK" name="Testcases.LoginApplication" tests="1" failures="0" timestamp="21 Jul 2020 16:39:14 GMT" time="43.623" errors="0">
  <testcase name="Login" time="43.623" classname="Testcases.LoginApplication"/>
</testsuite> <!-- Testcases.LoginApplication -->
